benchmark: d=128 c=256 total manifold dims=640  data (20000, 128)

 exp  d_sae atoms/dim   k      shape  single   union    ctrl     U-S     U-C
   2    256      0.40   4     circle   0.304   0.469   0.646  +0.165  -0.177
   2    256      0.40   4 swiss_roll   0.251   0.349   0.520  +0.098  -0.171
   2    256      0.40   8     circle   0.287   0.433   0.523  +0.146  -0.090
   2    256      0.40   8 swiss_roll   0.176   0.315   0.579  +0.139  -0.264
   2    256      0.40  16     circle   0.215   0.303   0.303  +0.089  +0.001
   2    256      0.40  16 swiss_roll   0.213   0.280   0.389  +0.067  -0.109
   2    256      0.40  32     circle   0.163   0.216   0.149  +0.054  +0.067 *
   2    256      0.40  32 swiss_roll   0.153   0.198   0.253  +0.045  -0.055

   4    512      0.80   4     circle   0.373   0.671   0.730  +0.298  -0.059
   4    512      0.80   4 swiss_roll   0.398   0.537   0.533  +0.139  +0.004
   4    512      0.80   8     circle   0.419   0.648   0.715  +0.228  -0.067
   4    512      0.80   8 swiss_roll   0.374   0.577   0.558  +0.203  +0.020 *
   4    512      0.80  16     circle   0.301   0.432   0.389  +0.131  +0.043 *
   4    512      0.80  16 swiss_roll   0.311   0.463   0.309  +0.152  +0.154 *
   4    512      0.80  32     circle   0.181   0.251   0.149  +0.070  +0.102 *
   4    512      0.80  32 swiss_roll   0.191   0.232   0.185  +0.042  +0.047 *

   8   1024      1.60   4     circle   0.640   0.796   0.637  +0.155  +0.158 *
   8   1024      1.60   4 swiss_roll   0.503   0.625   0.501  +0.122  +0.124 *
   8   1024      1.60   8     circle   0.598   0.749   0.510  +0.151  +0.239 *
   8   1024      1.60   8 swiss_roll   0.597   0.708   0.428  +0.111  +0.279 *
   8   1024      1.60  16     circle   0.359   0.465   0.215  +0.106  +0.249 *
   8   1024      1.60  16 swiss_roll   0.444   0.584   0.141  +0.140  +0.443 *
   8   1024      1.60  32     circle   0.207   0.278   0.187  +0.070  +0.091 *
   8   1024      1.60  32 swiss_roll   0.245   0.326   0.115  +0.081  +0.211 *

total 695s
